# JRE version: OpenJDK Runtime Environment Temurin-17.0.7+7 (17.0.7+7) (build 17.0.7+7)
# Java VM: OpenJDK 64-Bit Server VM Temurin-17.0.7+7 (17.0.7+7, mixed mode, emulated-client, tiered, compressed oops, compressed class ptrs, g1 gc, windows-amd64)
GC Precious Log:
 CPUs: 4 total, 4 available
 Memory: 7975M
 Large Page Support: Disabled
 NUMA Support: Disabled
 Compressed Oops: Enabled (32-bit)
 Heap Region Size: 1M
 Heap Min Capacity: 8M
 Heap Initial Capacity: 126M
 Heap Max Capacity: 1G
 Pre-touch: Disabled
 Parallel Workers: 4
 Concurrent Workers: 1
 Concurrent Refinement Workers: 4
 Periodic GC: Disabled
Heap:
 garbage-first heap   total 45056K, used 14107K [0x00000000c0000000, 0x0000000100000000)
  region size 1024K, 1 young (1024K), 0 survivors (0K)
 Metaspace       used 34768K, committed 35136K, reserved 1114112K
  class space    used 4539K, committed 4672K, reserved 1048576K
GC Heap History (20 events):
Event: 1858.156 GC heap before
{Heap before GC invocations=65 (full 40):
 garbage-first heap   total 45056K, used 14107K [0x00000000c0000000, 0x0000000100000000)
  region size 1024K, 1 young (1024K), 0 survivors (0K)
 Metaspace       used 34768K, committed 35136K, reserved 1114112K
  class space    used 4539K, committed 4672K, reserved 1048576K
}
Event: 1858.170 GC heap after
{Heap after GC invocations=66 (full 41):
 garbage-first heap   total 45056K, used 14107K [0x00000000c0000000, 0x0000000100000000)
  region size 1024K, 0 young (0K), 0 survivors (0K)
 Metaspace       used 34768K, committed 35136K, reserved 1114112K
  class space    used 4539K, committed 4672K, reserved 1048576K
}
Event: 1868.305 GC heap before
{Heap before GC invocations=66 (full 41):
 garbage-first heap   total 45056K, used 14107K [0x00000000c0000000, 0x0000000100000000)
  region size 1024K, 1 young (1024K), 0 survivors (0K)
 Metaspace       used 34768K, committed 35136K, reserved 1114112K
  class space    used 4539K, committed 4672K, reserved 1048576K
}
Event: 1868.327 GC heap after
{Heap after GC invocations=67 (full 42):
 garbage-first heap   total 45056K, used 14107K [0x00000000c0000000, 0x0000000100000000)
  region size 1024K, 0 young (0K), 0 survivors (0K)
 Metaspace       used 34768K, committed 35136K, reserved 1114112K
  class space    used 4539K, committed 4672K, reserved 1048576K
}
Event: 1878.603 GC heap before
{Heap before GC invocations=67 (full 42):
 garbage-first heap   total 45056K, used 14107K [0x00000000c0000000, 0x0000000100000000)
  region size 1024K, 1 young (1024K), 0 survivors (0K)
 Metaspace       used 34768K, committed 35136K, reserved 1114112K
  class space    used 4539K, committed 4672K, reserved 1048576K
}
Event: 1878.624 GC heap after
{Heap after GC invocations=68 (full 43):
 garbage-first heap   total 45056K, used 14107K [0x00000000c0000000, 0x0000000100000000)
  region size 1024K, 0 young (0K), 0 survivors (0K)
 Metaspace       used 34768K, committed 35136K, reserved 1114112K
  class space    used 4539K, committed 4672K, reserved 1048576K
}
Event: 1888.746 GC heap before
{Heap before GC invocations=68 (full 43):
 garbage-first heap   total 45056K, used 14107K [0x00000000c0000000, 0x0000000100000000)
  region size 1024K, 1 young (1024K), 0 survivors (0K)
 Metaspace       used 34768K, committed 35136K, reserved 1114112K
  class space    used 4539K, committed 4672K, reserved 1048576K
}
Event: 1888.758 GC heap after
{Heap after GC invocations=69 (full 44):
 garbage-first heap   total 45056K, used 14107K [0x00000000c0000000, 0x0000000100000000)
  region size 1024K, 0 young (0K), 0 survivors (0K)
 Metaspace       used 34768K, committed 35136K, reserved 1114112K
  class space    used 4539K, committed 4672K, reserved 1048576K
}
Event: 1898.888 GC heap before
{Heap before GC invocations=69 (full 44):
 garbage-first heap   total 45056K, used 14107K [0x00000000c0000000, 0x0000000100000000)
  region size 1024K, 1 young (1024K), 0 survivors (0K)
 Metaspace       used 34768K, committed 35136K, reserved 1114112K
  class space    used 4539K, committed 4672K, reserved 1048576K
}
Event: 1898.902 GC heap after
{Heap after GC invocations=70 (full 45):
 garbage-first heap   total 45056K, used 14107K [0x00000000c0000000, 0x0000000100000000)
  region size 1024K, 0 young (0K), 0 survivors (0K)
 Metaspace       used 34768K, committed 35136K, reserved 1114112K
  class space    used 4539K, committed 4672K, reserved 1048576K
}
Event: 1909.049 GC heap before
{Heap before GC invocations=70 (full 45):
 garbage-first heap   total 45056K, used 14107K [0x00000000c0000000, 0x0000000100000000)
  region size 1024K, 1 young (1024K), 0 survivors (0K)
 Metaspace       used 34768K, committed 35136K, reserved 1114112K
  class space    used 4539K, committed 4672K, reserved 1048576K
}
Event: 1909.064 GC heap after
{Heap after GC invocations=71 (full 46):
 garbage-first heap   total 45056K, used 14107K [0x00000000c0000000, 0x0000000100000000)
  region size 1024K, 0 young (0K), 0 survivors (0K)
 Metaspace       used 34768K, committed 35136K, reserved 1114112K
  class space    used 4539K, committed 4672K, reserved 1048576K
}
Event: 1919.211 GC heap before
{Heap before GC invocations=71 (full 46):
 garbage-first heap   total 45056K, used 14107K [0x00000000c0000000, 0x0000000100000000)
  region size 1024K, 1 young (1024K), 0 survivors (0K)
 Metaspace       used 34768K, committed 35136K, reserved 1114112K
  class space    used 4539K, committed 4672K, reserved 1048576K
}
Event: 1919.233 GC heap after
{Heap after GC invocations=72 (full 47):
 garbage-first heap   total 45056K, used 14107K [0x00000000c0000000, 0x0000000100000000)
  region size 1024K, 0 young (0K), 0 survivors (0K)
 Metaspace       used 34768K, committed 35136K, reserved 1114112K
  class space    used 4539K, committed 4672K, reserved 1048576K
}
Event: 1929.380 GC heap before
{Heap before GC invocations=72 (full 47):
 garbage-first heap   total 45056K, used 14107K [0x00000000c0000000, 0x0000000100000000)
  region size 1024K, 1 young (1024K), 0 survivors (0K)
 Metaspace       used 34768K, committed 35136K, reserved 1114112K
  class space    used 4539K, committed 4672K, reserved 1048576K
}
Event: 1929.398 GC heap after
{Heap after GC invocations=73 (full 48):
 garbage-first heap   total 45056K, used 14107K [0x00000000c0000000, 0x0000000100000000)
  region size 1024K, 0 young (0K), 0 survivors (0K)
 Metaspace       used 34768K, committed 35136K, reserved 1114112K
  class space    used 4539K, committed 4672K, reserved 1048576K
}
Event: 1939.536 GC heap before
{Heap before GC invocations=73 (full 48):
 garbage-first heap   total 45056K, used 14107K [0x00000000c0000000, 0x0000000100000000)
  region size 1024K, 1 young (1024K), 0 survivors (0K)
 Metaspace       used 34768K, committed 35136K, reserved 1114112K
  class space    used 4539K, committed 4672K, reserved 1048576K
}
Event: 1939.552 GC heap after
{Heap after GC invocations=74 (full 49):
 garbage-first heap   total 45056K, used 14107K [0x00000000c0000000, 0x0000000100000000)
  region size 1024K, 0 young (0K), 0 survivors (0K)
 Metaspace       used 34768K, committed 35136K, reserved 1114112K
  class space    used 4539K, committed 4672K, reserved 1048576K
}
Event: 1949.682 GC heap before
{Heap before GC invocations=74 (full 49):
 garbage-first heap   total 45056K, used 14107K [0x00000000c0000000, 0x0000000100000000)
  region size 1024K, 1 young (1024K), 0 survivors (0K)
 Metaspace       used 34768K, committed 35136K, reserved 1114112K
  class space    used 4539K, committed 4672K, reserved 1048576K
}
Event: 1949.696 GC heap after
{Heap after GC invocations=75 (full 50):
 garbage-first heap   total 45056K, used 14107K [0x00000000c0000000, 0x0000000100000000)
  region size 1024K, 0 young (0K), 0 survivors (0K)
 Metaspace       used 34768K, committed 35136K, reserved 1114112K
  class space    used 4539K, committed 4672K, reserved 1048576K
}

